[debug] [2023-03-23T18:54:55.216Z] ----------------------------------------------------------------------
[debug] [2023-03-23T18:54:55.218Z] Command:       /usr/local/bin/firebase /Users/main/.cache/firebase/tools/lib/node_modules/firebase-tools/lib/bin/firebase init emulators
[debug] [2023-03-23T18:54:55.219Z] CLI Version:   11.24.1
[debug] [2023-03-23T18:54:55.219Z] Platform:      darwin
[debug] [2023-03-23T18:54:55.219Z] Node Version:  v16.16.0
[debug] [2023-03-23T18:54:55.220Z] Time:          Thu Mar 23 2023 11:54:55 GMT-0700 (Pacific Daylight Time)
[debug] [2023-03-23T18:54:55.220Z] ----------------------------------------------------------------------
[debug] 
[debug] [2023-03-23T18:54:55.225Z] >>> [apiv2][query] GET https://firebase-public.firebaseio.com/cli.json [none]
[debug] [2023-03-23T18:54:55.332Z] > command requires scopes: ["email","openid","https://www.googleapis.com/auth/cloudplatformprojects.readonly","https://www.googleapis.com/auth/firebase","https://www.googleapis.com/auth/cloud-platform"]
[debug] [2023-03-23T18:54:55.334Z] > authorizing via signed-in user (tkelly72@gmail.com)
[info] 
     ######## #### ########  ######## ########     ###     ######  ########
     ##        ##  ##     ## ##       ##     ##  ##   ##  ##       ##
     ######    ##  ########  ######   ########  #########  ######  ######
     ##        ##  ##    ##  ##       ##     ## ##     ##       ## ##
     ##       #### ##     ## ######## ########  ##     ##  ######  ########

You're about to initialize a Firebase project in this directory:

  /Users/main/Documents/HomeApplications/hurricane-inventory-web-app

Before we get started, keep in mind:

  * You are initializing within an existing Firebase project directory

[info] 
=== Project Setup
[info] 
[info] First, let's associate this project directory with a Firebase project.
[info] You can create multiple project aliases by running firebase use --add, 
[info] but for now we'll just set up a default project.
[info] 
[debug] [2023-03-23T18:54:55.339Z] Using project from CLI flag: hurricane-preparation-web-app
[debug] [2023-03-23T18:54:55.340Z] > refreshing access token with scopes: []
[debug] [2023-03-23T18:54:55.341Z] >>> [apiv2][query] POST https://www.googleapis.com/oauth2/v3/token [none]
[debug] [2023-03-23T18:54:55.341Z] >>> [apiv2][body] POST https://www.googleapis.com/oauth2/v3/token [omitted]
[debug] [2023-03-23T18:54:57.706Z] <<< [apiv2][status] POST https://www.googleapis.com/oauth2/v3/token 200
[debug] [2023-03-23T18:54:57.711Z] <<< [apiv2][body] POST https://www.googleapis.com/oauth2/v3/token [omitted]
[debug] [2023-03-23T18:54:57.730Z] >>> [apiv2][query] GET https://firebase.googleapis.com/v1beta1/projects/hurricane-preparation-web-app [none]
[debug] [2023-03-23T18:55:00.087Z] <<< [apiv2][status] GET https://firebase.googleapis.com/v1beta1/projects/hurricane-preparation-web-app 200
[debug] [2023-03-23T18:55:00.092Z] <<< [apiv2][body] GET https://firebase.googleapis.com/v1beta1/projects/hurricane-preparation-web-app {"projectId":"hurricane-preparation-web-app","projectNumber":"613052671086","displayName":"Hurricane Preparation Web App","name":"projects/hurricane-preparation-web-app","resources":{"hostingSite":"hurricane-preparation-web-app"},"state":"ACTIVE","etag":"1_90cb426a-0bae-4f03-806b-0e2aeed110aa"}
[info] i  Using project hurricane-preparation-web-app (Hurricane Preparation Web App) 
[info] 
=== Emulators Setup
[info] i  Port for firestore already configured: 8080 
[info] i  firestore: downloading cloud-firestore-emulator-v1.16.0.jar... {"metadata":{"emulator":{"name":"firestore"},"message":"downloading cloud-firestore-emulator-v1.16.0.jar..."}}
[debug] [2023-03-23T18:56:05.481Z] >>> [apiv2][query] GET https://storage.googleapis.com/firebase-preview-drop/emulator/cloud-firestore-emulator-v1.16.0.jar 
[warn] ⚠  Unable to fetch the CLI MOTD and remote config. 
[debug] [2023-03-23T18:56:10.362Z] Failed to fetch MOTD FirebaseError: Failed to make request to https://firebase-public.firebaseio.com/cli.json
